<?xml version="1.0" encoding="UTF-8"?>
<testsuite name="AnimalTest" tests="1" skipped="0" failures="0" errors="0" timestamp="2020-02-14T07:57:39" hostname="koketso-HP-15-Notebook-PC" time="0.02">
  <properties/>
  <testcase name="TestDogSound" classname="AnimalTest" time="0.02"/>
  <system-out><![CDATA[]]></system-out>
  <system-err><![CDATA[]]></system-err>
</testsuite>
